<?xml version="1.0" encoding="UTF-8"?>
<testsuite xmlns:xsi="http://www.w3.org/2001/XMLSchema-instance" xsi:noNamespaceSchemaLocation="https://maven.apache.org/surefire/maven-surefire-plugin/xsd/surefire-test-report.xsd" name="pg_java_jdbc.pg_java_jdbc.AppTest" time="0.041" tests="1" errors="0" skipped="0" failures="0">
  <properties>
    <property name="sun.desktop" value="windows"/>
    <property name="awt.toolkit" value="sun.awt.windows.WToolkit"/>
    <property name="java.specification.version" value="11"/>
    <property name="sun.cpu.isalist" value="amd64"/>
    <property name="sun.jnu.encoding" value="Cp1252"/>
    <property name="java.class.path" value="C:\Users\Daniel-Desenvolvimen\eclipse-workspace\pg-java-jdbc\target\test-classes;C:\Users\Daniel-Desenvolvimen\eclipse-workspace\pg-java-jdbc\target\classes;C:\Users\Daniel-Desenvolvimen\.m2\repository\junit\junit\4.11\junit-4.11.jar;C:\Users\Daniel-Desenvolvimen\.m2\repository\org\hamcrest\hamcrest-core\1.3\hamcrest-core-1.3.jar;C:\Users\Daniel-Desenvolvimen\.m2\repository\org\postgresql\postgresql\42.6.0\postgresql-42.6.0.jar;C:\Users\Daniel-Desenvolvimen\.m2\repository\org\checkerframework\checker-qual\3.31.0\checker-qual-3.31.0.jar;"/>
    <property name="java.vm.vendor" value="Oracle Corporation"/>
    <property name="sun.arch.data.model" value="64"/>
    <property name="user.variant" value=""/>
    <property name="java.vendor.url" value="https://openjdk.java.net/"/>
    <property name="user.timezone" value="America/Sao_Paulo"/>
    <property name="java.vm.specification.version" value="11"/>
    <property name="os.name" value="Windows 10"/>
    <property name="sun.java.launcher" value="SUN_STANDARD"/>
    <property name="user.country" value="BR"/>
    <property name="sun.boot.library.path" value="D:\Program Files\Java\jdk-11.0.16.1\bin"/>
    <property name="sun.java.command" value="C:\Users\DANIEL~1\AppData\Local\Temp\surefire6928237015730348380\surefirebooter17964224218569074810.jar C:\Users\Daniel-Desenvolvimen\AppData\Local\Temp\surefire6928237015730348380 2023-11-29T13-26-28_035-jvmRun1 surefire30678182914069345tmp surefire_03212587961929389233tmp"/>
    <property name="jdk.debug" value="release"/>
    <property name="surefire.test.class.path" value="C:\Users\Daniel-Desenvolvimen\eclipse-workspace\pg-java-jdbc\target\test-classes;C:\Users\Daniel-Desenvolvimen\eclipse-workspace\pg-java-jdbc\target\classes;C:\Users\Daniel-Desenvolvimen\.m2\repository\junit\junit\4.11\junit-4.11.jar;C:\Users\Daniel-Desenvolvimen\.m2\repository\org\hamcrest\hamcrest-core\1.3\hamcrest-core-1.3.jar;C:\Users\Daniel-Desenvolvimen\.m2\repository\org\postgresql\postgresql\42.6.0\postgresql-42.6.0.jar;C:\Users\Daniel-Desenvolvimen\.m2\repository\org\checkerframework\checker-qual\3.31.0\checker-qual-3.31.0.jar;"/>
    <property name="sun.cpu.endian" value="little"/>
    <property name="user.home" value="C:\Users\Daniel-Desenvolvimen"/>
    <property name="user.language" value="pt"/>
    <property name="java.specification.vendor" value="Oracle Corporation"/>
    <property name="java.version.date" value="2022-08-18"/>
    <property name="java.home" value="D:\Program Files\Java\jdk-11.0.16.1"/>
    <property name="file.separator" value="\"/>
    <property name="style.color" value="always"/>
    <property name="basedir" value="C:\Users\Daniel-Desenvolvimen\eclipse-workspace\pg-java-jdbc"/>
    <property name="java.vm.compressedOopsMode" value="Zero based"/>
    <property name="line.separator" value="&#10;"/>
    <property name="java.specification.name" value="Java Platform API Specification"/>
    <property name="java.vm.specification.vendor" value="Oracle Corporation"/>
    <property name="java.awt.graphicsenv" value="sun.awt.Win32GraphicsEnvironment"/>
    <property name="surefire.real.class.path" value="C:\Users\DANIEL~1\AppData\Local\Temp\surefire6928237015730348380\surefirebooter17964224218569074810.jar"/>
    <property name="user.script" value=""/>
    <property name="sun.management.compiler" value="HotSpot 64-Bit Tiered Compilers"/>
    <property name="java.runtime.version" value="11.0.16.1+1-LTS-1"/>
    <property name="user.name" value="Daniel-Desenvolvimen"/>
    <property name="path.separator" value=";"/>
    <property name="os.version" value="10.0"/>
    <property name="java.runtime.name" value="Java(TM) SE Runtime Environment"/>
    <property name="file.encoding" value="Cp1252"/>
    <property name="java.vm.name" value="Java HotSpot(TM) 64-Bit Server VM"/>
    <property name="java.vendor.version" value="18.9"/>
    <property name="localRepository" value="C:\Users\Daniel-Desenvolvimen\.m2\repository"/>
    <property name="java.vendor.url.bug" value="https://bugreport.java.com/bugreport/"/>
    <property name="java.io.tmpdir" value="C:\Users\DANIEL~1\AppData\Local\Temp\"/>
    <property name="java.version" value="11.0.16.1"/>
    <property name="user.dir" value="C:\Users\Daniel-Desenvolvimen\eclipse-workspace\pg-java-jdbc"/>
    <property name="os.arch" value="amd64"/>
    <property name="java.vm.specification.name" value="Java Virtual Machine Specification"/>
    <property name="java.awt.printerjob" value="sun.awt.windows.WPrinterJob"/>
    <property name="sun.os.patch.level" value=""/>
    <property name="java.library.path" value="D:\Program Files\Java\jdk-11.0.16.1\bin;C:\Windows\Sun\Java\bin;C:\Windows\system32;C:\Windows;C:/Users/Daniel-Desenvolvimen/.p2/pool/plugins/org.eclipse.justj.openjdk.hotspot.jre.full.win32.x86_64_17.0.8.v20230831-1047/jre/bin/server;C:/Users/Daniel-Desenvolvimen/.p2/pool/plugins/org.eclipse.justj.openjdk.hotspot.jre.full.win32.x86_64_17.0.8.v20230831-1047/jre/bin;D:\Program Files\Java\bin;C:\Program Files\Common Files\Oracle\Java\javapath;C:\Windows\system32;C:\Windows;C:\Windows\System32\Wbem;C:\Windows\System32\WindowsPowerShell\v1.0\;C:\Windows\System32\OpenSSH\;C:\Program Files\WireGuard\;C:\Program Files\Microsoft SQL Server\Client SDK\ODBC\170\Tools\Binn\;C:\Program Files\Microsoft SQL Server\150\Tools\Binn\;D:\Program Files\Java\jdk-11.0.16.1\bin;C:\Program Files (x86)\Microsoft SQL Server\160\Tools\Binn\;C:\Program Files\Microsoft SQL Server\160\Tools\Binn\;C:\Program Files\Microsoft SQL Server\160\DTS\Binn\;C:\Program Files (x86)\Microsoft SQL Server\160\DTS\Binn\;D:\Program Files\Git\cmd;D:\Program Files\nodejs\;C:\Program Files\dotnet\;D:\Windows Kits\10\Windows Performance Toolkit\;C:\MinGW\bin;C:\Users\Daniel-Desenvolvimen\AppData\Local\Programs\Python\Python311\Scripts\;C:\Users\Daniel-Desenvolvimen\AppData\Local\Programs\Python\Python311\;C:\Users\Daniel-Desenvolvimen\AppData\Local\Microsoft\WindowsApps;D:\Program Files\JetBrains\IntelliJ IDEA 2023.1.1\bin;;C:\Program Files\Azure Data Studio\bin;D:\AppData\Local\Programs\Microsoft VS Code\Microsoft VS Code\bin;C:\Users\Daniel-Desenvolvimen\AppData\Roaming\npm;C:\Users\Daniel-Desenvolvimen\AppData\Local\GitHubDesktop\bin;C:\Program Files\JetBrains\PyCharm 2023.1.2\bin;;C:\Users\Daniel-Desenvolvimen\.dotnet\tools;C:\MinGW\bin;D:\AppData\Local\Android\Sdk\platform-tools;;C:\Windows\system32;;."/>
    <property name="java.vendor" value="Oracle Corporation"/>
    <property name="java.vm.info" value="mixed mode"/>
    <property name="java.vm.version" value="11.0.16.1+1-LTS-1"/>
    <property name="sun.io.unicode.encoding" value="UnicodeLittle"/>
    <property name="java.class.version" value="55.0"/>
  </properties>
  <testcase name="shouldAnswerWithTrue" classname="pg_java_jdbc.pg_java_jdbc.AppTest" time="0.001"/>
</testsuite>